0 info it worked if it ends with ok
1 verbose cli [ '/usr/local/bin/node', '/usr/local/bin/npm', 'run', 'start' ]
2 info using npm@3.10.10
3 info using node@v6.11.2
4 verbose run-script [ 'prestart', 'start', 'poststart' ]
5 info lifecycle rnstart@1.0.0~prestart: rnstart@1.0.0
6 silly lifecycle rnstart@1.0.0~prestart: no script for prestart, continuing
7 info lifecycle rnstart@1.0.0~start: rnstart@1.0.0
8 verbose lifecycle rnstart@1.0.0~start: unsafe-perm in lifecycle true
9 verbose lifecycle rnstart@1.0.0~start: PATH: /usr/local/lib/node_modules/npm/bin/node-gyp-bin:/Users/chihi/RNStart/node_modules/.bin:/Library/Frameworks/Python.framework/Versions/3.6/bin:/Users/chihi/.rvm/gems/ruby-2.2.4/bin:/Users/chihi/.rvm/gems/ruby-2.2.4@global/bin:/Users/chihi/.rvm/rubies/ruby-2.2.4/bin:/usr/local/bin:/usr/bin:/bin:/usr/sbin:/sbin:/usr/local/go/bin:/Library/Frameworks/Mono.framework/Versions/Current/Commands:/Users/chihi/.rvm/bin:/Users/chihi/Library/Android/sdk/platform-tools
10 verbose lifecycle rnstart@1.0.0~start: CWD: /Users/chihi/RNStart
11 silly lifecycle rnstart@1.0.0~start: Args: [ '-c', 'webpack-dev-server --hot' ]
12 info lifecycle rnstart@1.0.0~start: Failed to exec start script
13 verbose stack Error: rnstart@1.0.0 start: `webpack-dev-server --hot`
13 verbose stack spawn ENOENT
13 verbose stack     at ChildProcess.<anonymous> (/usr/local/lib/node_modules/npm/lib/utils/spawn.js:33:16)
13 verbose stack     at emitTwo (events.js:106:13)
13 verbose stack     at ChildProcess.emit (events.js:191:7)
13 verbose stack     at maybeClose (internal/child_process.js:891:16)
13 verbose stack     at Process.ChildProcess._handle.onexit (internal/child_process.js:226:5)
14 verbose pkgid rnstart@1.0.0
15 verbose cwd /Users/chihi/RNStart
16 error Darwin 16.1.0
17 error argv "/usr/local/bin/node" "/usr/local/bin/npm" "run" "start"
18 error node v6.11.2
19 error npm  v3.10.10
20 error file sh
21 error code ELIFECYCLE
22 error errno ENOENT
23 error syscall spawn
24 error rnstart@1.0.0 start: `webpack-dev-server --hot`
24 error spawn ENOENT
25 error Failed at the rnstart@1.0.0 start script 'webpack-dev-server --hot'.
25 error Make sure you have the latest version of node.js and npm installed.
25 error If you do, this is most likely a problem with the rnstart package,
25 error not with npm itself.
25 error Tell the author that this fails on your system:
25 error     webpack-dev-server --hot
25 error You can get information on how to open an issue for this project with:
25 error     npm bugs rnstart
25 error Or if that isn't available, you can get their info via:
25 error     npm owner ls rnstart
25 error There is likely additional logging output above.
26 verbose exit [ 1, true ]
